This file contains any messages produced by compilers while
running configure, to aid debugging if configure makes a mistake.

It was created by oflops configure 0.01, which was
generated by GNU Autoconf 2.69.  Invocation command line was

  $ ./configure --with-openflow-src-dir=/home/yuxin/Workspace/SDUWN/openflow

## --------- ##
## Platform. ##
## --------- ##

hostname = superhero
uname -m = x86_64
uname -r = 4.4.0-83-generic
uname -s = Linux
uname -v = #106~14.04.1-Ubuntu SMP Mon Jun 26 18:10:19 UTC 2017

/usr/bin/uname -p = unknown
/bin/uname -X     = unknown

/bin/arch              = unknown
/usr/bin/arch -k       = unknown
/usr/convex/getsysinfo = unknown
/usr/bin/hostinfo      = unknown
/bin/machine           = unknown
/usr/bin/oslevel       = unknown
/bin/universe          = unknown

PATH: /usr/local/sbin
PATH: /usr/local/bin
PATH: /usr/sbin
PATH: /usr/bin
PATH: /sbin
PATH: /bin
PATH: /snap/bin


## ----------- ##
## Core tests. ##
## ----------- ##

configure:2310: checking for a BSD-compatible install
configure:2378: result: /usr/bin/install -c
configure:2389: checking whether build environment is sane
configure:2444: result: yes
configure:2595: checking for a thread-safe mkdir -p
configure:2634: result: /bin/mkdir -p
configure:2641: checking for gawk
configure:2671: result: no
configure:2641: checking for mawk
configure:2657: found /usr/bin/mawk
configure:2668: result: mawk
configure:2679: checking whether make sets $(MAKE)
configure:2701: result: yes
configure:2730: checking whether make supports nested variables
configure:2747: result: yes
configure:2900: checking for /home/yuxin/Workspace/SDUWN/openflow/include/openflow/openflow.h
configure:2914: result: yes
configure:2977: checking for gcc
configure:2993: found /usr/bin/gcc
configure:3004: result: gcc
configure:3233: checking for C compiler version
configure:3242: gcc --version >&5
gcc (Ubuntu 4.8.4-2ubuntu1~14.04.3) 4.8.4
Copyright (C) 2013 Free Software Foundation, Inc.
This is free software; see the source for copying conditions.  There is NO
warranty; not even for MERCHANTABILITY or FITNESS FOR A PARTICULAR PURPOSE.

configure:3253: $? = 0
configure:3242: gcc -v >&5
Using built-in specs.
COLLECT_GCC=gcc
COLLECT_LTO_WRAPPER=/usr/lib/gcc/x86_64-linux-gnu/4.8/lto-wrapper
Target: x86_64-linux-gnu
Configured with: ../src/configure -v --with-pkgversion='Ubuntu 4.8.4-2ubuntu1~14.04.3' --with-bugurl=file:///usr/share/doc/gcc-4.8/README.Bugs --enable-languages=c,c++,java,go,d,fortran,objc,obj-c++ --prefix=/usr --program-suffix=-4.8 --enable-shared --enable-linker-build-id --libexecdir=/usr/lib --without-included-gettext --enable-threads=posix --with-gxx-include-dir=/usr/include/c++/4.8 --libdir=/usr/lib --enable-nls --with-sysroot=/ --enable-clocale=gnu --enable-libstdcxx-debug --enable-libstdcxx-time=yes --enable-gnu-unique-object --disable-libmudflap --enable-plugin --with-system-zlib --disable-browser-plugin --enable-java-awt=gtk --enable-gtk-cairo --with-java-home=/usr/lib/jvm/java-1.5.0-gcj-4.8-amd64/jre --enable-java-home --with-jvm-root-dir=/usr/lib/jvm/java-1.5.0-gcj-4.8-amd64 --with-jvm-jar-dir=/usr/lib/jvm-exports/java-1.5.0-gcj-4.8-amd64 --with-arch-directory=amd64 --with-ecj-jar=/usr/share/java/eclipse-ecj.jar --enable-objc-gc --enable-multiarch --disable-werror --with-arch-32=i686 --with-abi=m64 --with-multilib-list=m32,m64,mx32 --with-tune=generic --enable-checking=release --build=x86_64-linux-gnu --host=x86_64-linux-gnu --target=x86_64-linux-gnu
Thread model: posix
gcc version 4.8.4 (Ubuntu 4.8.4-2ubuntu1~14.04.3) 
configure:3253: $? = 0
configure:3242: gcc -V >&5
gcc: error: unrecognized command line option '-V'
gcc: fatal error: no input files
compilation terminated.
configure:3253: $? = 4
configure:3242: gcc -qversion >&5
gcc: error: unrecognized command line option '-qversion'
gcc: fatal error: no input files
compilation terminated.
configure:3253: $? = 4
configure:3273: checking whether the C compiler works
configure:3295: gcc    conftest.c  >&5
configure:3299: $? = 0
configure:3347: result: yes
configure:3350: checking for C compiler default output file name
configure:3352: result: a.out
configure:3358: checking for suffix of executables
configure:3365: gcc -o conftest    conftest.c  >&5
configure:3369: $? = 0
configure:3391: result: 
configure:3413: checking whether we are cross compiling
configure:3421: gcc -o conftest    conftest.c  >&5
configure:3425: $? = 0
configure:3432: ./conftest
configure:3436: $? = 0
configure:3451: result: no
configure:3456: checking for suffix of object files
configure:3478: gcc -c   conftest.c >&5
configure:3482: $? = 0
configure:3503: result: o
configure:3507: checking whether we are using the GNU C compiler
configure:3526: gcc -c   conftest.c >&5
configure:3526: $? = 0
configure:3535: result: yes
configure:3544: checking whether gcc accepts -g
configure:3564: gcc -c -g  conftest.c >&5
configure:3564: $? = 0
configure:3605: result: yes
configure:3622: checking for gcc option to accept ISO C89
configure:3685: gcc  -c -g -O2  conftest.c >&5
configure:3685: $? = 0
configure:3698: result: none needed
configure:3723: checking whether gcc understands -c and -o together
configure:3745: gcc -c conftest.c -o conftest2.o
configure:3748: $? = 0
configure:3745: gcc -c conftest.c -o conftest2.o
configure:3748: $? = 0
configure:3760: result: yes
configure:3788: checking for style of include used by make
configure:3816: result: GNU
configure:3842: checking dependency style of gcc
configure:3953: result: gcc3
configure:3973: checking for gawk
configure:4000: result: mawk
configure:4016: checking how to run the C preprocessor
configure:4047: gcc -E  conftest.c
configure:4047: $? = 0
configure:4061: gcc -E  conftest.c
conftest.c:11:28: fatal error: ac_nonexistent.h: No such file or directory
 #include <ac_nonexistent.h>
                            ^
compilation terminated.
configure:4061: $? = 1
configure: failed program was:
| /* confdefs.h */
| #define PACKAGE_NAME "oflops"
| #define PACKAGE_TARNAME "oflops"
| #define PACKAGE_VERSION "0.01"
| #define PACKAGE_STRING "oflops 0.01"
| #define PACKAGE_BUGREPORT "rob.sherwood@stanford.edu"
| #define PACKAGE_URL ""
| #define PACKAGE "oflops"
| #define VERSION "0.01"
| /* end confdefs.h.  */
| #include <ac_nonexistent.h>
configure:4086: result: gcc -E
configure:4106: gcc -E  conftest.c
configure:4106: $? = 0
configure:4120: gcc -E  conftest.c
conftest.c:11:28: fatal error: ac_nonexistent.h: No such file or directory
 #include <ac_nonexistent.h>
                            ^
compilation terminated.
configure:4120: $? = 1
configure: failed program was:
| /* confdefs.h */
| #define PACKAGE_NAME "oflops"
| #define PACKAGE_TARNAME "oflops"
| #define PACKAGE_VERSION "0.01"
| #define PACKAGE_STRING "oflops 0.01"
| #define PACKAGE_BUGREPORT "rob.sherwood@stanford.edu"
| #define PACKAGE_URL ""
| #define PACKAGE "oflops"
| #define VERSION "0.01"
| /* end confdefs.h.  */
| #include <ac_nonexistent.h>
configure:4177: checking build system type
configure:4191: result: x86_64-unknown-linux-gnu
configure:4211: checking host system type
configure:4224: result: x86_64-unknown-linux-gnu
configure:4265: checking how to print strings
configure:4292: result: printf
configure:4313: checking for a sed that does not truncate output
configure:4377: result: /bin/sed
configure:4395: checking for grep that handles long lines and -e
configure:4453: result: /bin/grep
configure:4458: checking for egrep
configure:4520: result: /bin/grep -E
configure:4525: checking for fgrep
configure:4587: result: /bin/grep -F
configure:4622: checking for ld used by gcc
configure:4689: result: /usr/bin/ld
configure:4696: checking if the linker (/usr/bin/ld) is GNU ld
configure:4711: result: yes
configure:4723: checking for BSD- or MS-compatible name lister (nm)
configure:4772: result: /usr/bin/nm -B
configure:4902: checking the name lister (/usr/bin/nm -B) interface
configure:4909: gcc -c -g -O2  conftest.c >&5
configure:4912: /usr/bin/nm -B "conftest.o"
configure:4915: output
0000000000000000 B some_variable
configure:4922: result: BSD nm
configure:4925: checking whether ln -s works
configure:4929: result: yes
configure:4937: checking the maximum length of command line arguments
configure:5068: result: 1572864
configure:5085: checking whether the shell understands some XSI constructs
configure:5095: result: yes
configure:5099: checking whether the shell understands "+="
configure:5105: result: yes
configure:5140: checking how to convert x86_64-unknown-linux-gnu file names to x86_64-unknown-linux-gnu format
configure:5180: result: func_convert_file_noop
configure:5187: checking how to convert x86_64-unknown-linux-gnu file names to toolchain format
configure:5207: result: func_convert_file_noop
configure:5214: checking for /usr/bin/ld option to reload object files
configure:5221: result: -r
configure:5295: checking for objdump
configure:5311: found /usr/bin/objdump
configure:5322: result: objdump
configure:5354: checking how to recognize dependent libraries
configure:5552: result: pass_all
configure:5637: checking for dlltool
configure:5667: result: no
configure:5697: checking how to associate runtime and link libraries
configure:5724: result: printf %s\n
configure:5785: checking for ar
configure:5801: found /usr/bin/ar
configure:5812: result: ar
configure:5849: checking for archiver @FILE support
configure:5866: gcc -c -g -O2  conftest.c >&5
configure:5866: $? = 0
configure:5869: ar cru libconftest.a @conftest.lst >&5
configure:5872: $? = 0
configure:5877: ar cru libconftest.a @conftest.lst >&5
ar: conftest.o: No such file or directory
configure:5880: $? = 1
configure:5892: result: @
configure:5950: checking for strip
configure:5966: found /usr/bin/strip
configure:5977: result: strip
configure:6049: checking for ranlib
configure:6065: found /usr/bin/ranlib
configure:6076: result: ranlib
configure:6178: checking command to parse /usr/bin/nm -B output from gcc object
configure:6298: gcc -c -g -O2  conftest.c >&5
configure:6301: $? = 0
configure:6305: /usr/bin/nm -B conftest.o \| sed -n -e 's/^.*[ ]\([ABCDGIRSTW][ABCDGIRSTW]*\)[ ][ ]*\([_A-Za-z][_A-Za-z0-9]*\)$/\1 \2 \2/p' | sed '/ __gnu_lto/d' \> conftest.nm
configure:6308: $? = 0
configure:6374: gcc -o conftest -g -O2   conftest.c conftstm.o >&5
configure:6377: $? = 0
configure:6415: result: ok
configure:6452: checking for sysroot
configure:6482: result: no
configure:6559: gcc -c -g -O2  conftest.c >&5
configure:6562: $? = 0
configure:6751: checking for mt
configure:6767: found /bin/mt
configure:6778: result: mt
configure:6801: checking if mt is a manifest tool
configure:6807: mt '-?'
configure:6815: result: no
configure:7453: checking for ANSI C header files
configure:7473: gcc -c -g -O2  conftest.c >&5
configure:7473: $? = 0
configure:7546: gcc -o conftest -g -O2   conftest.c  >&5
configure:7546: $? = 0
configure:7546: ./conftest
configure:7546: $? = 0
configure:7557: result: yes
configure:7570: checking for sys/types.h
configure:7570: gcc -c -g -O2  conftest.c >&5
configure:7570: $? = 0
configure:7570: result: yes
configure:7570: checking for sys/stat.h
configure:7570: gcc -c -g -O2  conftest.c >&5
configure:7570: $? = 0
configure:7570: result: yes
configure:7570: checking for stdlib.h
configure:7570: gcc -c -g -O2  conftest.c >&5
configure:7570: $? = 0
configure:7570: result: yes
configure:7570: checking for string.h
configure:7570: gcc -c -g -O2  conftest.c >&5
configure:7570: $? = 0
configure:7570: result: yes
configure:7570: checking for memory.h
configure:7570: gcc -c -g -O2  conftest.c >&5
configure:7570: $? = 0
configure:7570: result: yes
configure:7570: checking for strings.h
configure:7570: gcc -c -g -O2  conftest.c >&5
configure:7570: $? = 0
configure:7570: result: yes
configure:7570: checking for inttypes.h
configure:7570: gcc -c -g -O2  conftest.c >&5
configure:7570: $? = 0
configure:7570: result: yes
configure:7570: checking for stdint.h
configure:7570: gcc -c -g -O2  conftest.c >&5
configure:7570: $? = 0
configure:7570: result: yes
configure:7570: checking for unistd.h
configure:7570: gcc -c -g -O2  conftest.c >&5
configure:7570: $? = 0
configure:7570: result: yes
configure:7584: checking for dlfcn.h
configure:7584: gcc -c -g -O2  conftest.c >&5
configure:7584: $? = 0
configure:7584: result: yes
configure:7790: checking for objdir
configure:7805: result: .libs
configure:8072: checking if gcc supports -fno-rtti -fno-exceptions
configure:8090: gcc -c -g -O2  -fno-rtti -fno-exceptions conftest.c >&5
cc1: warning: command line option '-fno-rtti' is valid for C++/ObjC++ but not for C [enabled by default]
configure:8094: $? = 0
configure:8107: result: no
configure:8434: checking for gcc option to produce PIC
configure:8441: result: -fPIC -DPIC
configure:8449: checking if gcc PIC flag -fPIC -DPIC works
configure:8467: gcc -c -g -O2  -fPIC -DPIC -DPIC conftest.c >&5
configure:8471: $? = 0
configure:8484: result: yes
configure:8513: checking if gcc static flag -static works
configure:8541: result: yes
configure:8556: checking if gcc supports -c -o file.o
configure:8577: gcc -c -g -O2  -o out/conftest2.o conftest.c >&5
configure:8581: $? = 0
configure:8603: result: yes
configure:8611: checking if gcc supports -c -o file.o
configure:8658: result: yes
configure:8691: checking whether the gcc linker (/usr/bin/ld -m elf_x86_64) supports shared libraries
configure:9848: result: yes
configure:9885: checking whether -lc should be explicitly linked in
configure:9893: gcc -c -g -O2  conftest.c >&5
configure:9896: $? = 0
configure:9911: gcc -shared  -fPIC -DPIC conftest.o  -v -Wl,-soname -Wl,conftest -o conftest 2\>\&1 \| /bin/grep  -lc  \>/dev/null 2\>\&1
configure:9914: $? = 0
configure:9928: result: no
configure:10088: checking dynamic linker characteristics
configure:10588: gcc -o conftest -g -O2   -Wl,-rpath -Wl,/foo conftest.c  >&5
configure:10588: $? = 0
configure:10822: result: GNU/Linux ld.so
configure:10929: checking how to hardcode library paths into programs
configure:10954: result: immediate
configure:11494: checking whether stripping libraries is possible
configure:11499: result: yes
configure:11534: checking if libtool supports shared libraries
configure:11536: result: yes
configure:11539: checking whether to build shared libraries
configure:11560: result: yes
configure:11563: checking whether to build static libraries
configure:11567: result: yes
configure:11609: checking for doxygen
configure:11627: found /usr/bin/doxygen
configure:11639: result: /usr/bin/doxygen
configure:11665: checking config.h usability
configure:11665: gcc -c -g -O2  conftest.c >&5
conftest.c:56:20: fatal error: config.h: No such file or directory
 #include <config.h>
                    ^
compilation terminated.
configure:11665: $? = 1
configure: failed program was:
| /* confdefs.h */
| #define PACKAGE_NAME "oflops"
| #define PACKAGE_TARNAME "oflops"
| #define PACKAGE_VERSION "0.01"
| #define PACKAGE_STRING "oflops 0.01"
| #define PACKAGE_BUGREPORT "rob.sherwood@stanford.edu"
| #define PACKAGE_URL ""
| #define PACKAGE "oflops"
| #define VERSION "0.01"
| #define STDC_HEADERS 1
| #define HAVE_SYS_TYPES_H 1
| #define HAVE_SYS_STAT_H 1
| #define HAVE_STDLIB_H 1
| #define HAVE_STRING_H 1
| #define HAVE_MEMORY_H 1
| #define HAVE_STRINGS_H 1
| #define HAVE_INTTYPES_H 1
| #define HAVE_STDINT_H 1
| #define HAVE_UNISTD_H 1
| #define HAVE_DLFCN_H 1
| #define LT_OBJDIR ".libs/"
| /* end confdefs.h.  */
| #include <stdio.h>
| #ifdef HAVE_SYS_TYPES_H
| # include <sys/types.h>
| #endif
| #ifdef HAVE_SYS_STAT_H
| # include <sys/stat.h>
| #endif
| #ifdef STDC_HEADERS
| # include <stdlib.h>
| # include <stddef.h>
| #else
| # ifdef HAVE_STDLIB_H
| #  include <stdlib.h>
| # endif
| #endif
| #ifdef HAVE_STRING_H
| # if !defined STDC_HEADERS && defined HAVE_MEMORY_H
| #  include <memory.h>
| # endif
| # include <string.h>
| #endif
| #ifdef HAVE_STRINGS_H
| # include <strings.h>
| #endif
| #ifdef HAVE_INTTYPES_H
| # include <inttypes.h>
| #endif
| #ifdef HAVE_STDINT_H
| # include <stdint.h>
| #endif
| #ifdef HAVE_UNISTD_H
| # include <unistd.h>
| #endif
| #include <config.h>
configure:11665: result: no
configure:11665: checking config.h presence
configure:11665: gcc -E  conftest.c
conftest.c:23:20: fatal error: config.h: No such file or directory
 #include <config.h>
                    ^
compilation terminated.
configure:11665: $? = 1
configure: failed program was:
| /* confdefs.h */
| #define PACKAGE_NAME "oflops"
| #define PACKAGE_TARNAME "oflops"
| #define PACKAGE_VERSION "0.01"
| #define PACKAGE_STRING "oflops 0.01"
| #define PACKAGE_BUGREPORT "rob.sherwood@stanford.edu"
| #define PACKAGE_URL ""
| #define PACKAGE "oflops"
| #define VERSION "0.01"
| #define STDC_HEADERS 1
| #define HAVE_SYS_TYPES_H 1
| #define HAVE_SYS_STAT_H 1
| #define HAVE_STDLIB_H 1
| #define HAVE_STRING_H 1
| #define HAVE_MEMORY_H 1
| #define HAVE_STRINGS_H 1
| #define HAVE_INTTYPES_H 1
| #define HAVE_STDINT_H 1
| #define HAVE_UNISTD_H 1
| #define HAVE_DLFCN_H 1
| #define LT_OBJDIR ".libs/"
| /* end confdefs.h.  */
| #include <config.h>
configure:11665: result: no
configure:11665: checking for config.h
configure:11665: result: no
configure:11665: checking net/bpf.h usability
configure:11665: gcc -c -g -O2  conftest.c >&5
conftest.c:56:21: fatal error: net/bpf.h: No such file or directory
 #include <net/bpf.h>
                     ^
compilation terminated.
configure:11665: $? = 1
configure: failed program was:
| /* confdefs.h */
| #define PACKAGE_NAME "oflops"
| #define PACKAGE_TARNAME "oflops"
| #define PACKAGE_VERSION "0.01"
| #define PACKAGE_STRING "oflops 0.01"
| #define PACKAGE_BUGREPORT "rob.sherwood@stanford.edu"
| #define PACKAGE_URL ""
| #define PACKAGE "oflops"
| #define VERSION "0.01"
| #define STDC_HEADERS 1
| #define HAVE_SYS_TYPES_H 1
| #define HAVE_SYS_STAT_H 1
| #define HAVE_STDLIB_H 1
| #define HAVE_STRING_H 1
| #define HAVE_MEMORY_H 1
| #define HAVE_STRINGS_H 1
| #define HAVE_INTTYPES_H 1
| #define HAVE_STDINT_H 1
| #define HAVE_UNISTD_H 1
| #define HAVE_DLFCN_H 1
| #define LT_OBJDIR ".libs/"
| /* end confdefs.h.  */
| #include <stdio.h>
| #ifdef HAVE_SYS_TYPES_H
| # include <sys/types.h>
| #endif
| #ifdef HAVE_SYS_STAT_H
| # include <sys/stat.h>
| #endif
| #ifdef STDC_HEADERS
| # include <stdlib.h>
| # include <stddef.h>
| #else
| # ifdef HAVE_STDLIB_H
| #  include <stdlib.h>
| # endif
| #endif
| #ifdef HAVE_STRING_H
| # if !defined STDC_HEADERS && defined HAVE_MEMORY_H
| #  include <memory.h>
| # endif
| # include <string.h>
| #endif
| #ifdef HAVE_STRINGS_H
| # include <strings.h>
| #endif
| #ifdef HAVE_INTTYPES_H
| # include <inttypes.h>
| #endif
| #ifdef HAVE_STDINT_H
| # include <stdint.h>
| #endif
| #ifdef HAVE_UNISTD_H
| # include <unistd.h>
| #endif
| #include <net/bpf.h>
configure:11665: result: no
configure:11665: checking net/bpf.h presence
configure:11665: gcc -E  conftest.c
conftest.c:23:21: fatal error: net/bpf.h: No such file or directory
 #include <net/bpf.h>
                     ^
compilation terminated.
configure:11665: $? = 1
configure: failed program was:
| /* confdefs.h */
| #define PACKAGE_NAME "oflops"
| #define PACKAGE_TARNAME "oflops"
| #define PACKAGE_VERSION "0.01"
| #define PACKAGE_STRING "oflops 0.01"
| #define PACKAGE_BUGREPORT "rob.sherwood@stanford.edu"
| #define PACKAGE_URL ""
| #define PACKAGE "oflops"
| #define VERSION "0.01"
| #define STDC_HEADERS 1
| #define HAVE_SYS_TYPES_H 1
| #define HAVE_SYS_STAT_H 1
| #define HAVE_STDLIB_H 1
| #define HAVE_STRING_H 1
| #define HAVE_MEMORY_H 1
| #define HAVE_STRINGS_H 1
| #define HAVE_INTTYPES_H 1
| #define HAVE_STDINT_H 1
| #define HAVE_UNISTD_H 1
| #define HAVE_DLFCN_H 1
| #define LT_OBJDIR ".libs/"
| /* end confdefs.h.  */
| #include <net/bpf.h>
configure:11665: result: no
configure:11665: checking for net/bpf.h
configure:11665: result: no
configure:11679: checking net-snmp/net-snmp-config.h usability
configure:11679: gcc -c -g -O2  conftest.c >&5
configure:11679: $? = 0
configure:11679: result: yes
configure:11679: checking net-snmp/net-snmp-config.h presence
configure:11679: gcc -E  conftest.c
configure:11679: $? = 0
configure:11679: result: yes
configure:11679: checking for net-snmp/net-snmp-config.h
configure:11679: result: yes
configure:11695: checking for net-snmp/net-snmp-includes.h
configure:11695: gcc -c -g -O2  conftest.c >&5
configure:11695: $? = 0
configure:11695: result: yes
configure:11779: checking for stdbool.h that conforms to C99
configure:11846: gcc -c -g -O2  conftest.c >&5
configure:11846: $? = 0
configure:11853: result: yes
configure:11855: checking for _Bool
configure:11855: gcc -c -g -O2  conftest.c >&5
configure:11855: $? = 0
configure:11855: gcc -c -g -O2  conftest.c >&5
conftest.c: In function 'main':
conftest.c:63:20: error: expected expression before ')' token
 if (sizeof ((_Bool)))
                    ^
configure:11855: $? = 1
configure: failed program was:
| /* confdefs.h */
| #define PACKAGE_NAME "oflops"
| #define PACKAGE_TARNAME "oflops"
| #define PACKAGE_VERSION "0.01"
| #define PACKAGE_STRING "oflops 0.01"
| #define PACKAGE_BUGREPORT "rob.sherwood@stanford.edu"
| #define PACKAGE_URL ""
| #define PACKAGE "oflops"
| #define VERSION "0.01"
| #define STDC_HEADERS 1
| #define HAVE_SYS_TYPES_H 1
| #define HAVE_SYS_STAT_H 1
| #define HAVE_STDLIB_H 1
| #define HAVE_STRING_H 1
| #define HAVE_MEMORY_H 1
| #define HAVE_STRINGS_H 1
| #define HAVE_INTTYPES_H 1
| #define HAVE_STDINT_H 1
| #define HAVE_UNISTD_H 1
| #define HAVE_DLFCN_H 1
| #define LT_OBJDIR ".libs/"
| #define HAVE_NET_SNMP_NET_SNMP_CONFIG_H 1
| #define HAVE_NET_SNMP_NET_SNMP_INCLUDES_H 1
| #define HAVE_OFP_FLOW_REMOVED /**/
| #define OFPT_FLOW_EXPIRED OFPT_FLOW_REMOVED
| /* end confdefs.h.  */
| #include <stdio.h>
| #ifdef HAVE_SYS_TYPES_H
| # include <sys/types.h>
| #endif
| #ifdef HAVE_SYS_STAT_H
| # include <sys/stat.h>
| #endif
| #ifdef STDC_HEADERS
| # include <stdlib.h>
| # include <stddef.h>
| #else
| # ifdef HAVE_STDLIB_H
| #  include <stdlib.h>
| # endif
| #endif
| #ifdef HAVE_STRING_H
| # if !defined STDC_HEADERS && defined HAVE_MEMORY_H
| #  include <memory.h>
| # endif
| # include <string.h>
| #endif
| #ifdef HAVE_STRINGS_H
| # include <strings.h>
| #endif
| #ifdef HAVE_INTTYPES_H
| # include <inttypes.h>
| #endif
| #ifdef HAVE_STDINT_H
| # include <stdint.h>
| #endif
| #ifdef HAVE_UNISTD_H
| # include <unistd.h>
| #endif
| int
| main ()
| {
| if (sizeof ((_Bool)))
| 	    return 0;
|   ;
|   return 0;
| }
configure:11855: result: yes
configure:11876: checking for strerror
configure:11876: gcc -o conftest -g -O2   conftest.c  >&5
configure:11876: $? = 0
configure:11876: result: yes
configure:11999: checking that generated files are newer than configure
configure:12005: result: done
configure:12032: creating ./config.status

## ---------------------- ##
## Running config.status. ##
## ---------------------- ##

This file was extended by oflops config.status 0.01, which was
generated by GNU Autoconf 2.69.  Invocation command line was

  CONFIG_FILES    = 
  CONFIG_HEADERS  = 
  CONFIG_LINKS    = 
  CONFIG_COMMANDS = 
  $ ./config.status 

on superhero

config.status:1102: creating Makefile
config.status:1102: creating doc/doxygen.conf
config.status:1102: creating cbench/Makefile
config.status:1102: creating example_modules/Makefile
config.status:1102: creating example_modules/oflops_debug/Makefile
config.status:1102: creating example_modules/openflow_action_install/Makefile
config.status:1102: creating example_modules/openflow_action_measurement/Makefile
config.status:1102: creating example_modules/openflow_path_delay/Makefile
config.status:1102: creating example_modules/openflow_flow_dump_test/Makefile
config.status:1102: creating example_modules/openflow_packet_in/Makefile
config.status:1102: creating example_modules/openflow_port_status/Makefile
config.status:1102: creating example_modules/snmp_cpu/Makefile
config.status:1102: creating config.h
config.status:1331: executing depfiles commands
config.status:1331: executing libtool commands

## ---------------- ##
## Cache variables. ##
## ---------------- ##

ac_cv_build=x86_64-unknown-linux-gnu
ac_cv_c_compiler_gnu=yes
ac_cv_env_CC_set=
ac_cv_env_CC_value=
ac_cv_env_CFLAGS_set=
ac_cv_env_CFLAGS_value=
ac_cv_env_CPPFLAGS_set=
ac_cv_env_CPPFLAGS_value=
ac_cv_env_CPP_set=
ac_cv_env_CPP_value=
ac_cv_env_LDFLAGS_set=
ac_cv_env_LDFLAGS_value=
ac_cv_env_LIBS_set=
ac_cv_env_LIBS_value=
ac_cv_env_build_alias_set=
ac_cv_env_build_alias_value=
ac_cv_env_host_alias_set=
ac_cv_env_host_alias_value=
ac_cv_env_target_alias_set=
ac_cv_env_target_alias_value=
ac_cv_file__home_yuxin_Workspace_SDUWN_openflow_include_openflow_openflow_h=yes
ac_cv_func_strerror=yes
ac_cv_header_config_h=no
ac_cv_header_dlfcn_h=yes
ac_cv_header_inttypes_h=yes
ac_cv_header_memory_h=yes
ac_cv_header_net_bpf_h=no
ac_cv_header_net_snmp_net_snmp_config_h=yes
ac_cv_header_net_snmp_net_snmp_includes_h=yes
ac_cv_header_stdbool_h=yes
ac_cv_header_stdc=yes
ac_cv_header_stdint_h=yes
ac_cv_header_stdlib_h=yes
ac_cv_header_string_h=yes
ac_cv_header_strings_h=yes
ac_cv_header_sys_stat_h=yes
ac_cv_header_sys_types_h=yes
ac_cv_header_unistd_h=yes
ac_cv_host=x86_64-unknown-linux-gnu
ac_cv_objext=o
ac_cv_path_DOXYGEN=/usr/bin/doxygen
ac_cv_path_EGREP='/bin/grep -E'
ac_cv_path_FGREP='/bin/grep -F'
ac_cv_path_GREP=/bin/grep
ac_cv_path_SED=/bin/sed
ac_cv_path_install='/usr/bin/install -c'
ac_cv_path_mkdir=/bin/mkdir
ac_cv_prog_AWK=mawk
ac_cv_prog_CPP='gcc -E'
ac_cv_prog_ac_ct_AR=ar
ac_cv_prog_ac_ct_CC=gcc
ac_cv_prog_ac_ct_MANIFEST_TOOL=mt
ac_cv_prog_ac_ct_OBJDUMP=objdump
ac_cv_prog_ac_ct_RANLIB=ranlib
ac_cv_prog_ac_ct_STRIP=strip
ac_cv_prog_cc_c89=
ac_cv_prog_cc_g=yes
ac_cv_prog_make_make_set=yes
ac_cv_type__Bool=yes
am_cv_CC_dependencies_compiler_type=gcc3
am_cv_make_support_nested_variables=yes
am_cv_prog_cc_c_o=yes
lt_cv_ar_at_file=@
lt_cv_archive_cmds_need_lc=no
lt_cv_deplibs_check_method=pass_all
lt_cv_file_magic_cmd='$MAGIC_CMD'
lt_cv_file_magic_test_file=
lt_cv_ld_reload_flag=-r
lt_cv_nm_interface='BSD nm'
lt_cv_objdir=.libs
lt_cv_path_LD=/usr/bin/ld
lt_cv_path_NM='/usr/bin/nm -B'
lt_cv_path_mainfest_tool=no
lt_cv_prog_compiler_c_o=yes
lt_cv_prog_compiler_pic='-fPIC -DPIC'
lt_cv_prog_compiler_pic_works=yes
lt_cv_prog_compiler_rtti_exceptions=no
lt_cv_prog_compiler_static_works=yes
lt_cv_prog_gnu_ld=yes
lt_cv_sharedlib_from_linklib_cmd='printf %s\n'
lt_cv_shlibpath_overrides_runpath=no
lt_cv_sys_global_symbol_pipe='sed -n -e '\''s/^.*[	 ]\([ABCDGIRSTW][ABCDGIRSTW]*\)[	 ][	 ]*\([_A-Za-z][_A-Za-z0-9]*\)$/\1 \2 \2/p'\'' | sed '\''/ __gnu_lto/d'\'''
lt_cv_sys_global_symbol_to_c_name_address='sed -n -e '\''s/^: \([^ ]*\)[ ]*$/  {\"\1\", (void *) 0},/p'\'' -e '\''s/^[ABCDGIRSTW]* \([^ ]*\) \([^ ]*\)$/  {"\2", (void *) \&\2},/p'\'''
lt_cv_sys_global_symbol_to_c_name_address_lib_prefix='sed -n -e '\''s/^: \([^ ]*\)[ ]*$/  {\"\1\", (void *) 0},/p'\'' -e '\''s/^[ABCDGIRSTW]* \([^ ]*\) \(lib[^ ]*\)$/  {"\2", (void *) \&\2},/p'\'' -e '\''s/^[ABCDGIRSTW]* \([^ ]*\) \([^ ]*\)$/  {"lib\2", (void *) \&\2},/p'\'''
lt_cv_sys_global_symbol_to_cdecl='sed -n -e '\''s/^T .* \(.*\)$/extern int \1();/p'\'' -e '\''s/^[ABCDGIRSTW]* .* \(.*\)$/extern char \1;/p'\'''
lt_cv_sys_max_cmd_len=1572864
lt_cv_to_host_file_cmd=func_convert_file_noop
lt_cv_to_tool_file_cmd=func_convert_file_noop

## ----------------- ##
## Output variables. ##
## ----------------- ##

ACLOCAL='${SHELL} /home/yuxin/Workspace/SDUWN/oflops/missing aclocal-1.14'
AMDEPBACKSLASH='\'
AMDEP_FALSE='#'
AMDEP_TRUE=''
AMTAR='$${TAR-tar}'
AM_BACKSLASH='\'
AM_DEFAULT_V='$(AM_DEFAULT_VERBOSITY)'
AM_DEFAULT_VERBOSITY='1'
AM_V='$(V)'
AR='ar'
AUTOCONF='${SHELL} /home/yuxin/Workspace/SDUWN/oflops/missing autoconf'
AUTOHEADER='${SHELL} /home/yuxin/Workspace/SDUWN/oflops/missing autoheader'
AUTOMAKE='${SHELL} /home/yuxin/Workspace/SDUWN/oflops/missing automake-1.14'
AWK='mawk'
CC='gcc'
CCDEPMODE='depmode=gcc3'
CFLAGS='-g -O2'
CPP='gcc -E'
CPPFLAGS=''
CYGPATH_W='echo'
DEFS='-DHAVE_CONFIG_H'
DEPDIR='.deps'
DLLTOOL='false'
DOXYGEN='/usr/bin/doxygen'
DSYMUTIL=''
DUMPBIN=''
ECHO_C=''
ECHO_N='-n'
ECHO_T=''
EGREP='/bin/grep -E'
EXEEXT=''
FGREP='/bin/grep -F'
GREP='/bin/grep'
HAVE_DOXYGEN_FALSE='#'
HAVE_DOXYGEN_TRUE=''
INSTALL_DATA='${INSTALL} -m 644'
INSTALL_PROGRAM='${INSTALL}'
INSTALL_SCRIPT='${INSTALL}'
INSTALL_STRIP_PROGRAM='$(install_sh) -c -s'
LD='/usr/bin/ld -m elf_x86_64'
LDFLAGS=''
LIBOBJS=''
LIBS=''
LIBTOOL='$(SHELL) $(top_builddir)/libtool'
LIPO=''
LN_S='ln -s'
LTLIBOBJS=''
MAKEINFO='${SHELL} /home/yuxin/Workspace/SDUWN/oflops/missing makeinfo'
MANIFEST_TOOL=':'
MKDIR_P='/bin/mkdir -p'
NM='/usr/bin/nm -B'
NMEDIT=''
OBJDUMP='objdump'
OBJEXT='o'
OTOOL64=''
OTOOL=''
PACKAGE='oflops'
PACKAGE_BUGREPORT='rob.sherwood@stanford.edu'
PACKAGE_NAME='oflops'
PACKAGE_STRING='oflops 0.01'
PACKAGE_TARNAME='oflops'
PACKAGE_URL=''
PACKAGE_VERSION='0.01'
PATH_SEPARATOR=':'
RANLIB='ranlib'
SED='/bin/sed'
SET_MAKE=''
SHELL='/bin/bash'
STRIP='strip'
VERSION='0.01'
ac_ct_AR='ar'
ac_ct_CC='gcc'
ac_ct_DUMPBIN=''
am__EXEEXT_FALSE=''
am__EXEEXT_TRUE='#'
am__fastdepCC_FALSE='#'
am__fastdepCC_TRUE=''
am__include='include'
am__isrc=''
am__leading_dot='.'
am__nodep='_no'
am__quote=''
am__tar='$${TAR-tar} chof - "$$tardir"'
am__untar='$${TAR-tar} xf -'
bindir='${exec_prefix}/bin'
build='x86_64-unknown-linux-gnu'
build_alias=''
build_cpu='x86_64'
build_os='linux-gnu'
build_vendor='unknown'
datadir='${datarootdir}'
datarootdir='${prefix}/share'
docdir='${datarootdir}/doc/${PACKAGE_TARNAME}'
dvidir='${docdir}'
exec_prefix='${prefix}'
host='x86_64-unknown-linux-gnu'
host_alias=''
host_cpu='x86_64'
host_os='linux-gnu'
host_vendor='unknown'
htmldir='${docdir}'
includedir='${prefix}/include'
infodir='${datarootdir}/info'
install_sh='${SHELL} /home/yuxin/Workspace/SDUWN/oflops/install-sh'
libdir='${exec_prefix}/lib'
libexecdir='${exec_prefix}/libexec'
localedir='${datarootdir}/locale'
localstatedir='${prefix}/var'
mandir='${datarootdir}/man'
mkdir_p='$(MKDIR_P)'
oldincludedir='/usr/include'
openflowsrc='/home/yuxin/Workspace/SDUWN/openflow'
pdfdir='${docdir}'
prefix='/usr/local'
program_transform_name='s,x,x,'
psdir='${docdir}'
sbindir='${exec_prefix}/sbin'
sharedstatedir='${prefix}/com'
sysconfdir='${prefix}/etc'
target_alias=''

## ----------- ##
## confdefs.h. ##
## ----------- ##

/* confdefs.h */
#define PACKAGE_NAME "oflops"
#define PACKAGE_TARNAME "oflops"
#define PACKAGE_VERSION "0.01"
#define PACKAGE_STRING "oflops 0.01"
#define PACKAGE_BUGREPORT "rob.sherwood@stanford.edu"
#define PACKAGE_URL ""
#define PACKAGE "oflops"
#define VERSION "0.01"
#define STDC_HEADERS 1
#define HAVE_SYS_TYPES_H 1
#define HAVE_SYS_STAT_H 1
#define HAVE_STDLIB_H 1
#define HAVE_STRING_H 1
#define HAVE_MEMORY_H 1
#define HAVE_STRINGS_H 1
#define HAVE_INTTYPES_H 1
#define HAVE_STDINT_H 1
#define HAVE_UNISTD_H 1
#define HAVE_DLFCN_H 1
#define LT_OBJDIR ".libs/"
#define HAVE_NET_SNMP_NET_SNMP_CONFIG_H 1
#define HAVE_NET_SNMP_NET_SNMP_INCLUDES_H 1
#define HAVE_OFP_FLOW_REMOVED /**/
#define OFPT_FLOW_EXPIRED OFPT_FLOW_REMOVED
#define HAVE__BOOL 1
#define HAVE_STDBOOL_H 1
#define HAVE_STRERROR 1

configure: exit 0
